<?xml version="1.0" encoding="UTF-8"?>
<testsuite name="CustomStringTest" tests="14" skipped="0" failures="0" errors="0" timestamp="2021-03-28T21:34:10" hostname="y-Satellite-L850-B5K" time="0.074">
  <properties/>
  <testcase name="subSequence()" classname="CustomStringTest" time="0.018"/>
  <testcase name="concat()" classname="CustomStringTest" time="0.001"/>
  <testcase name="equals()" classname="CustomStringTest" time="0.002"/>
  <testcase name="parseIntToString()" classname="CustomStringTest" time="0.005"/>
  <testcase name="toFloat()" classname="CustomStringTest" time="0.002"/>
  <testcase name="testToString()" classname="CustomStringTest" time="0.001"/>
  <testcase name="get()" classname="CustomStringTest" time="0.002"/>
  <testcase name="find()" classname="CustomStringTest" time="0.002"/>
  <testcase name="trim()" classname="CustomStringTest" time="0.013"/>
  <testcase name="chars()" classname="CustomStringTest" time="0.001"/>
  <testcase name="getLength()" classname="CustomStringTest" time="0.001"/>
  <testcase name="reverse()" classname="CustomStringTest" time="0.003"/>
  <testcase name="indexOf()" classname="CustomStringTest" time="0.002"/>
  <testcase name="isEmpty()" classname="CustomStringTest" time="0.001"/>
  <system-out><![CDATA[]]></system-out>
  <system-err><![CDATA[]]></system-err>
</testsuite>
