<?xml version="1.0" encoding="UTF-8"?>
<testsuite name="CustomStringTest" tests="15" skipped="0" failures="0" errors="0" timestamp="2021-03-29T07:06:03" hostname="y-Satellite-L850-B5K" time="0.098">
  <properties/>
  <testcase name="constructors()" classname="CustomStringTest" time="0.018"/>
  <testcase name="subSequence()" classname="CustomStringTest" time="0.004"/>
  <testcase name="concat()" classname="CustomStringTest" time="0.002"/>
  <testcase name="equals()" classname="CustomStringTest" time="0.004"/>
  <testcase name="parseIntToString()" classname="CustomStringTest" time="0.002"/>
  <testcase name="toFloat()" classname="CustomStringTest" time="0.002"/>
  <testcase name="testToString()" classname="CustomStringTest" time="0.002"/>
  <testcase name="get()" classname="CustomStringTest" time="0.002"/>
  <testcase name="find()" classname="CustomStringTest" time="0.002"/>
  <testcase name="trim()" classname="CustomStringTest" time="0.021"/>
  <testcase name="chars()" classname="CustomStringTest" time="0.003"/>
  <testcase name="getLength()" classname="CustomStringTest" time="0.001"/>
  <testcase name="reverse()" classname="CustomStringTest" time="0.003"/>
  <testcase name="indexOf()" classname="CustomStringTest" time="0.005"/>
  <testcase name="isEmpty()" classname="CustomStringTest" time="0.002"/>
  <system-out><![CDATA[]]></system-out>
  <system-err><![CDATA[]]></system-err>
</testsuite>
